<?xml version="1.0" encoding="utf-8"?><testsuites name="pytest tests"><testsuite name="pytest" errors="0" failures="1" skipped="0" tests="18" time="8.474" timestamp="2026-06-26T11:06:01.440136+00:00" hostname="agent-env-7bce422c-2f57-4fad-8743-3896484a5b71"><testcase classname="tests.test_board_game_api.TestBasics" name="test_auth_me_requires_auth" time="0.174" /><testcase classname="tests.test_board_game_api.TestBasics" name="test_catalog_has_seeded_games" time="0.099" /><testcase classname="tests.test_board_game_api.TestBasics" name="test_achievements_definitions" time="0.095" /><testcase classname="tests.test_board_game_api.TestAuth" name="test_login_wrong_password" time="0.098" /><testcase classname="tests.test_board_game_api.TestAuth" name="test_auth_me_with_bearer" time="0.499" /><testcase classname="tests.test_board_game_api.TestAuth" name="test_register_new_user" time="0.425" /><testcase classname="tests.test_board_game_api.TestAuth" name="test_brute_force_lockout" time="0.696"><failure message="AssertionError: Brute force lockout should trigger 429, got 401&#10;assert 401 == 429&#10; +  where 401 = &lt;Response [401]&gt;.status_code">backend/tests/test_board_game_api.py:107: in test_brute_force_lockout
    assert r2.status_code == 429, f"Brute force lockout should trigger 429, got {r2.status_code}"
E   AssertionError: Brute force lockout should trigger 429, got 401
E   assert 401 == 429
E    +  where 401 = &lt;Response [401]&gt;.status_code</failure></testcase><testcase classname="tests.test_board_game_api.TestCatalogAdmin" name="test_non_admin_cannot_add" time="0.426" /><testcase classname="tests.test_board_game_api.TestCatalogAdmin" name="test_admin_add_and_delete_catalog" time="0.397" /><testcase classname="tests.test_board_game_api.TestGameLifecycle" name="test_full_game_highest" time="1.432" /><testcase classname="tests.test_board_game_api.TestGameLifecycle" name="test_lowest_ranking_winner" time="0.558" /><testcase classname="tests.test_board_game_api.TestGameLifecycle" name="test_team_play" time="0.894" /><testcase classname="tests.test_board_game_api.TestGameLifecycle" name="test_add_player_to_active" time="0.526" /><testcase classname="tests.test_board_game_api.TestGameLifecycle" name="test_reset_and_abandon" time="0.946" /><testcase classname="tests.test_board_game_api.TestPlayers" name="test_players_list_and_detail" time="0.200" /><testcase classname="tests.test_board_game_api.TestPlayers" name="test_player_not_found" time="0.094" /><testcase classname="tests.test_board_game_api.TestWebSocket" name="test_ws_connects_and_receives_initial" time="0.335" /><testcase classname="tests.test_board_game_api.TestWebSocket" name="test_ws_broadcast_on_game_start" time="0.477" /></testsuite></testsuites>